[00:00:13] [Server thread/INFO] [net.minecraft.server.dedicated.DedicatedServer]: <zmesskiii> oc
[00:00:18] [Server thread/WARN] [FML]: LLibrary loaded a new chunk [-7, -16] in dimension 0 (overworld) while populating chunk [-5, -15], causing cascading worldgen lag.
[00:00:18] [Server thread/WARN] [FML]: Please report this to the mod's issue tracker. This log can be disabled in the Forge config.
[00:00:28] [Server thread/INFO] [net.minecraft.server.dedicated.DedicatedServer]: <zmesskiii> 1
[00:01:03] [Server thread/INFO] [net.minecraft.server.dedicated.DedicatedServer]: <zmesskiii> ya tengo un sombrero
[00:01:05] [Server thread/INFO] [net.minecraft.server.dedicated.DedicatedServer]: <zmesskiii> como lo pongo
[00:01:19] [Server thread/INFO] [net.minecraft.server.dedicated.DedicatedServer]: <zmesskiii> ui
[00:01:30] [Server thread/INFO] [net.minecraft.server.dedicated.DedicatedServer]: <zmesskiii> 10/10
[00:01:42] [Server thread/INFO] [net.minecraft.server.dedicated.DedicatedServer]: <zmesskiii> primera vez q lo haces bien
[00:01:44] [Server thread/INFO] [net.minecraft.server.dedicated.DedicatedServer]: <zmesskiii> oe
[00:01:46] [Server thread/INFO] [net.minecraft.server.dedicated.DedicatedServer]: <zmesskiii> como asi
[00:02:10] [Server thread/INFO] [net.minecraft.server.dedicated.DedicatedServer]: <zmesskiii> copion
[00:02:27] [Server thread/WARN] [FML]: SchnurriTV's Sexmod loaded a new chunk [-22, -13] in dimension 0 (overworld) while populating chunk [-22, -14], causing cascading worldgen lag.
[00:02:27] [Server thread/WARN] [FML]: Please report this to the mod's issue tracker. This log can be disabled in the Forge config.
[00:02:40] [Server thread/WARN] [FML]: SchnurriTV's Sexmod loaded a new chunk [-24, -14] in dimension 0 (overworld) while populating chunk [-24, -15], causing cascading worldgen lag.
[00:02:40] [Server thread/WARN] [FML]: Please report this to the mod's issue tracker. This log can be disabled in the Forge config.
[00:02:40] [Server thread/WARN] [FML]: SchnurriTV's Sexmod loaded a new chunk [-24, -12] in dimension 0 (overworld) while populating chunk [-24, -13], causing cascading worldgen lag.
[00:02:40] [Server thread/WARN] [FML]: Please report this to the mod's issue tracker. This log can be disabled in the Forge config.
[00:02:40] [Server thread/WARN] [FML]: SchnurriTV's Sexmod loaded a new chunk [-24, -11] in dimension 0 (overworld) while populating chunk [-24, -12], causing cascading worldgen lag.
[00:02:40] [Server thread/WARN] [FML]: Please report this to the mod's issue tracker. This log can be disabled in the Forge config.
[00:02:40] [Server thread/WARN] [FML]: SchnurriTV's Sexmod loaded a new chunk [-24, -9] in dimension 0 (overworld) while populating chunk [-24, -10], causing cascading worldgen lag.
[00:02:40] [Server thread/WARN] [FML]: Please report this to the mod's issue tracker. This log can be disabled in the Forge config.
[00:02:50] [Server thread/INFO] [net.minecraft.server.dedicated.DedicatedServer]: <zmesskiii> q
[00:03:10] [Server thread/INFO] [net.minecraft.server.dedicated.DedicatedServer]: <zmesskiii> ayaa
[00:04:19] [Server thread/INFO] [net.minecraft.server.dedicated.DedicatedServer]: zmesskiii is bleeding...
[00:04:26] [Server thread/INFO] [net.minecraft.server.dedicated.DedicatedServer]: <zmesskiii> que bueno que no me atacan
[00:04:34] [Server thread/INFO] [net.minecraft.server.dedicated.DedicatedServer]: <zmesskiii> oe revive mrd
[00:04:48] [Server thread/INFO] [net.minecraft.server.dedicated.DedicatedServer]: lochoteo is bleeding...
[00:04:54] [Server thread/INFO] [net.minecraft.server.dedicated.DedicatedServer]: <zmesskiii> wbon
[00:04:55] [Server thread/INFO] [net.minecraft.server.dedicated.DedicatedServer]: zmesskiii was blown up by Creeper
[00:05:01] [Server thread/INFO] [net.minecraft.server.dedicated.DedicatedServer]: lochoteo was shot by Skeleton
[00:05:34] [Server thread/INFO] [net.minecraft.server.dedicated.DedicatedServer]: zmesskiii is bleeding...
[00:05:38] [Server thread/INFO] [net.minecraft.server.dedicated.DedicatedServer]: zmesskiii was slain by Zombie
[00:05:41] [Server thread/INFO] [net.minecraft.server.dedicated.DedicatedServer]: <zmesskiii> q
[00:05:43] [Server thread/WARN] [FML]: Dynamic Trees loaded a new chunk [-14, 8] in dimension 0 (overworld) while populating chunk [-14, 9], causing cascading worldgen lag.
[00:05:43] [Server thread/WARN] [FML]: Please report this to the mod's issue tracker. This log can be disabled in the Forge config.
[00:05:43] [Server thread/INFO] [net.minecraft.server.dedicated.DedicatedServer]: <zmesskiii> voy
[00:05:49] [Server thread/INFO] [net.minecraft.server.dedicated.DedicatedServer]: <zmesskiii> OOO
[00:06:07] [Server thread/INFO] [net.minecraft.server.dedicated.DedicatedServer]: <zmesskiii> donde
[00:06:28] [Server thread/INFO] [net.minecraft.server.dedicated.DedicatedServer]: <zmesskiii> sisi
